[ 2015-03-10T10:49:19+08:00 ] 0.0.0.0 /ck/index.php?m=index&a=index
INFO: [ app_begin ] --START--
INFO: ReadHtmlCache Behavior ::run [ RunTime:0.001115s ]
INFO: [ app_begin ] --END-- [ RunTime:0.001719s ]
ERR: 无法加载模块:index

[ 2015-03-10T10:49:34+08:00 ] 0.0.0.0 /ck/index.php?m=Goods&a=list
INFO: [ app_begin ] --START--
INFO: ReadHtmlCache Behavior ::run [ RunTime:0.000532s ]
INFO: [ app_begin ] --END-- [ RunTime:0.000668s ]
ERR: 非法操作:list

[ 2015-03-10T10:49:37+08:00 ] 0.0.0.0 /ck/index.php?m=Goods&a=lists
INFO: [ app_begin ] --START--
INFO: ReadHtmlCache Behavior ::run [ RunTime:0.000751s ]
INFO: [ app_begin ] --END-- [ RunTime:0.000904s ]
NOTIC: [8] Undefined index: catId D:\wamp\www\ck\App\Lib\Action\GoodsAction.class.php 第 6 行.
SQL: SHOW COLUMNS FROM `ck_goods` [ RunTime:0.001623s ]
NOTIC: [2] Missing argument 1 for GoodsModel::listGoods(), called in D:\wamp\www\ck\App\Lib\Action\GoodsAction.class.php on line 8 and defined D:\wamp\www\ck\App\Lib\Model\GoodsModel.class.php 第 6 行.
NOTIC: [8] Undefined variable: cat_id D:\wamp\www\ck\App\Lib\Model\GoodsModel.class.php 第 10 行.
SQL: SELECT * FROM `ck_goods` ORDER BY add_time  [ RunTime:0.001423s ]

[ 2015-03-10T10:49:49+08:00 ] 0.0.0.0 /ck/index.php?m=goods&a=lists
INFO: [ app_begin ] --START--
INFO: ReadHtmlCache Behavior ::run [ RunTime:0.000846s ]
INFO: [ app_begin ] --END-- [ RunTime:0.001001s ]
ERR: 无法加载模块:goods

[ 2015-03-10T10:57:25+08:00 ] 0.0.0.0 /ck/index.php?m=Goods&a=lists
INFO: [ app_begin ] --START--
INFO: ReadHtmlCache Behavior ::run [ RunTime:0.000703s ]
INFO: [ app_begin ] --END-- [ RunTime:0.000837s ]
NOTIC: [8] Undefined index: catId D:\wamp\www\ck\App\Lib\Action\GoodsAction.class.php 第 6 行.
SQL: SHOW COLUMNS FROM `ck_goods` [ RunTime:0.003335s ]
NOTIC: [2] Missing argument 1 for GoodsModel::listGoods(), called in D:\wamp\www\ck\App\Lib\Action\GoodsAction.class.php on line 8 and defined D:\wamp\www\ck\App\Lib\Model\GoodsModel.class.php 第 6 行.
NOTIC: [8] Undefined variable: cat_id D:\wamp\www\ck\App\Lib\Model\GoodsModel.class.php 第 10 行.
SQL: SELECT * FROM `ck_goods` ORDER BY add_time  [ RunTime:0.000723s ]

